{"D:\\3eme session\\LOG2440\\TP\\tp5_2115145_2174321\\server\\services\\database.service.js": {"path":"D:\\3eme session\\LOG2440\\TP\\tp5_2115145_2174321\\server\\services\\database.service.js","statementMap":{"0":{"start":{"line":1,"column":24},"end":{"line":1,"column":42}},"1":{"start":{"line":2,"column":18},"end":{"line":2,"column":41}},"2":{"start":{"line":11,"column":23},"end":{"line":11,"column":57}},"3":{"start":{"line":12,"column":4},"end":{"line":14,"column":5}},"4":{"start":{"line":13,"column":6},"end":{"line":13,"column":40}},"5":{"start":{"line":19,"column":4},"end":{"line":31,"column":5}},"6":{"start":{"line":20,"column":6},"end":{"line":23,"column":9}},"7":{"start":{"line":24,"column":6},"end":{"line":24,"column":34}},"8":{"start":{"line":25,"column":6},"end":{"line":25,"column":48}},"9":{"start":{"line":27,"column":6},"end":{"line":27,"column":56}},"10":{"start":{"line":30,"column":6},"end":{"line":30,"column":25}},"11":{"start":{"line":35,"column":18},"end":{"line":35,"column":39}},"12":{"start":{"line":37,"column":0},"end":{"line":37,"column":31}}},"fnMap":{"0":{"name":"(anonymous_0)","decl":{"start":{"line":10,"column":2},"end":{"line":10,"column":3}},"loc":{"start":{"line":10,"column":42},"end":{"line":15,"column":3}},"line":10},"1":{"name":"(anonymous_1)","decl":{"start":{"line":18,"column":2},"end":{"line":18,"column":3}},"loc":{"start":{"line":18,"column":30},"end":{"line":32,"column":3}},"line":18}},"branchMap":{"0":{"loc":{"start":{"line":12,"column":4},"end":{"line":14,"column":5}},"type":"if","locations":[{"start":{"line":12,"column":4},"end":{"line":14,"column":5}},{"start":{},"end":{}}],"line":12}},"s":{"0":4,"1":4,"2":2,"3":2,"4":1,"5":30,"6":30,"7":29,"8":29,"9":29,"10":1,"11":4,"12":4},"f":{"0":2,"1":30},"b":{"0":[1,1]},"_coverageSchema":"1a1c01bbd47fc00a2c39e90264f33305004495a9","hash":"a0129f2c235c5e7116e9a73d71de476ca93bc893"}
,"D:\\3eme session\\LOG2440\\TP\\tp5_2115145_2174321\\server\\services\\file_system_manager.js": {"path":"D:\\3eme session\\LOG2440\\TP\\tp5_2115145_2174321\\server\\services\\file_system_manager.js","statementMap":{"0":{"start":{"line":1,"column":11},"end":{"line":1,"column":24}},"1":{"start":{"line":10,"column":4},"end":{"line":10,"column":44}},"2":{"start":{"line":14,"column":0},"end":{"line":14,"column":39}}},"fnMap":{"0":{"name":"(anonymous_0)","decl":{"start":{"line":9,"column":2},"end":{"line":9,"column":3}},"loc":{"start":{"line":9,"column":24},"end":{"line":11,"column":3}},"line":9}},"branchMap":{},"s":{"0":3,"1":2,"2":3},"f":{"0":2},"b":{},"_coverageSchema":"1a1c01bbd47fc00a2c39e90264f33305004495a9","hash":"b0487933f1995a8e1494a556d627bb72559dc393"}
,"D:\\3eme session\\LOG2440\\TP\\tp5_2115145_2174321\\server\\services\\playlist.service.js": {"path":"D:\\3eme session\\LOG2440\\TP\\tp5_2115145_2174321\\server\\services\\playlist.service.js","statementMap":{"0":{"start":{"line":1,"column":30},"end":{"line":1,"column":62}},"1":{"start":{"line":2,"column":22},"end":{"line":2,"column":51}},"2":{"start":{"line":3,"column":18},"end":{"line":3,"column":41}},"3":{"start":{"line":4,"column":13},"end":{"line":4,"column":28}},"4":{"start":{"line":5,"column":23},"end":{"line":5,"column":40}},"5":{"start":{"line":6,"column":11},"end":{"line":6,"column":24}},"6":{"start":{"line":10,"column":4},"end":{"line":10,"column":72}},"7":{"start":{"line":11,"column":4},"end":{"line":11,"column":53}},"8":{"start":{"line":12,"column":4},"end":{"line":12,"column":31}},"9":{"start":{"line":16,"column":4},"end":{"line":16,"column":75}},"10":{"start":{"line":25,"column":4},"end":{"line":25,"column":52}},"11":{"start":{"line":35,"column":4},"end":{"line":35,"column":47}},"12":{"start":{"line":45,"column":4},"end":{"line":45,"column":31}},"13":{"start":{"line":46,"column":4},"end":{"line":46,"column":47}},"14":{"start":{"line":47,"column":4},"end":{"line":47,"column":46}},"15":{"start":{"line":48,"column":4},"end":{"line":48,"column":20}},"16":{"start":{"line":57,"column":4},"end":{"line":57,"column":24}},"17":{"start":{"line":58,"column":4},"end":{"line":58,"column":47}},"18":{"start":{"line":59,"column":4},"end":{"line":59,"column":75}},"19":{"start":{"line":68,"column":4},"end":{"line":78,"column":5}},"20":{"start":{"line":69,"column":6},"end":{"line":69,"column":20}},"21":{"start":{"line":70,"column":11},"end":{"line":78,"column":5}},"22":{"start":{"line":71,"column":6},"end":{"line":71,"column":19}},"23":{"start":{"line":72,"column":11},"end":{"line":78,"column":5}},"24":{"start":{"line":73,"column":6},"end":{"line":73,"column":19}},"25":{"start":{"line":74,"column":11},"end":{"line":78,"column":5}},"26":{"start":{"line":75,"column":6},"end":{"line":75,"column":19}},"27":{"start":{"line":77,"column":6},"end":{"line":77,"column":46}},"28":{"start":{"line":86,"column":16},"end":{"line":86,"column":62}},"29":{"start":{"line":87,"column":4},"end":{"line":90,"column":5}},"30":{"start":{"line":88,"column":20},"end":{"line":88,"column":39}},"31":{"start":{"line":89,"column":6},"end":{"line":89,"column":48}},"32":{"start":{"line":91,"column":4},"end":{"line":91,"column":30}},"33":{"start":{"line":100,"column":4},"end":{"line":100,"column":40}},"34":{"start":{"line":108,"column":23},"end":{"line":108,"column":74}},"35":{"start":{"line":109,"column":26},"end":{"line":109,"column":92}},"36":{"start":{"line":110,"column":30},"end":{"line":110,"column":71}},"37":{"start":{"line":111,"column":21},"end":{"line":111,"column":91}},"38":{"start":{"line":112,"column":4},"end":{"line":112,"column":81}},"39":{"start":{"line":113,"column":4},"end":{"line":113,"column":43}},"40":{"start":{"line":127,"column":19},"end":{"line":127,"column":132}},"41":{"start":{"line":128,"column":4},"end":{"line":131,"column":5}},"42":{"start":{"line":129,"column":6},"end":{"line":129,"column":35}},"43":{"start":{"line":130,"column":6},"end":{"line":130,"column":42}},"44":{"start":{"line":132,"column":22},"end":{"line":132,"column":75}},"45":{"start":{"line":133,"column":4},"end":{"line":133,"column":21}},"46":{"start":{"line":137,"column":22},"end":{"line":137,"column":97}},"47":{"start":{"line":138,"column":4},"end":{"line":138,"column":82}},"48":{"start":{"line":141,"column":0},"end":{"line":141,"column":37}}},"fnMap":{"0":{"name":"(anonymous_0)","decl":{"start":{"line":9,"column":2},"end":{"line":9,"column":3}},"loc":{"start":{"line":9,"column":17},"end":{"line":13,"column":3}},"line":9},"1":{"name":"(anonymous_1)","decl":{"start":{"line":15,"column":2},"end":{"line":15,"column":3}},"loc":{"start":{"line":15,"column":20},"end":{"line":17,"column":3}},"line":15},"2":{"name":"(anonymous_2)","decl":{"start":{"line":24,"column":2},"end":{"line":24,"column":3}},"loc":{"start":{"line":24,"column":27},"end":{"line":26,"column":3}},"line":24},"3":{"name":"(anonymous_3)","decl":{"start":{"line":34,"column":2},"end":{"line":34,"column":3}},"loc":{"start":{"line":34,"column":29},"end":{"line":36,"column":3}},"line":34},"4":{"name":"(anonymous_4)","decl":{"start":{"line":44,"column":2},"end":{"line":44,"column":3}},"loc":{"start":{"line":44,"column":31},"end":{"line":49,"column":3}},"line":44},"5":{"name":"(anonymous_5)","decl":{"start":{"line":56,"column":2},"end":{"line":56,"column":3}},"loc":{"start":{"line":56,"column":34},"end":{"line":60,"column":3}},"line":56},"6":{"name":"(anonymous_6)","decl":{"start":{"line":67,"column":2},"end":{"line":67,"column":3}},"loc":{"start":{"line":67,"column":39},"end":{"line":79,"column":3}},"line":67},"7":{"name":"(anonymous_7)","decl":{"start":{"line":85,"column":2},"end":{"line":85,"column":3}},"loc":{"start":{"line":85,"column":28},"end":{"line":92,"column":3}},"line":85},"8":{"name":"(anonymous_8)","decl":{"start":{"line":99,"column":2},"end":{"line":99,"column":3}},"loc":{"start":{"line":99,"column":43},"end":{"line":101,"column":3}},"line":99},"9":{"name":"(anonymous_9)","decl":{"start":{"line":107,"column":2},"end":{"line":107,"column":3}},"loc":{"start":{"line":107,"column":41},"end":{"line":114,"column":3}},"line":107},"10":{"name":"(anonymous_10)","decl":{"start":{"line":126,"column":2},"end":{"line":126,"column":3}},"loc":{"start":{"line":126,"column":34},"end":{"line":134,"column":3}},"line":126},"11":{"name":"(anonymous_11)","decl":{"start":{"line":136,"column":2},"end":{"line":136,"column":3}},"loc":{"start":{"line":136,"column":22},"end":{"line":139,"column":3}},"line":136}},"branchMap":{"0":{"loc":{"start":{"line":68,"column":4},"end":{"line":78,"column":5}},"type":"if","locations":[{"start":{"line":68,"column":4},"end":{"line":78,"column":5}},{"start":{"line":70,"column":11},"end":{"line":78,"column":5}}],"line":68},"1":{"loc":{"start":{"line":70,"column":11},"end":{"line":78,"column":5}},"type":"if","locations":[{"start":{"line":70,"column":11},"end":{"line":78,"column":5}},{"start":{"line":72,"column":11},"end":{"line":78,"column":5}}],"line":70},"2":{"loc":{"start":{"line":72,"column":11},"end":{"line":78,"column":5}},"type":"if","locations":[{"start":{"line":72,"column":11},"end":{"line":78,"column":5}},{"start":{"line":74,"column":11},"end":{"line":78,"column":5}}],"line":72},"3":{"loc":{"start":{"line":74,"column":11},"end":{"line":78,"column":5}},"type":"if","locations":[{"start":{"line":74,"column":11},"end":{"line":78,"column":5}},{"start":{"line":76,"column":11},"end":{"line":78,"column":5}}],"line":74},"4":{"loc":{"start":{"line":87,"column":4},"end":{"line":90,"column":5}},"type":"if","locations":[{"start":{"line":87,"column":4},"end":{"line":90,"column":5}},{"start":{},"end":{}}],"line":87},"5":{"loc":{"start":{"line":128,"column":4},"end":{"line":131,"column":5}},"type":"if","locations":[{"start":{"line":128,"column":4},"end":{"line":131,"column":5}},{"start":{},"end":{}}],"line":128}},"s":{"0":2,"1":2,"2":2,"3":2,"4":2,"5":2,"6":20,"7":20,"8":20,"9":14,"10":4,"11":3,"12":1,"13":1,"14":1,"15":1,"16":1,"17":1,"18":1,"19":5,"20":1,"21":4,"22":1,"23":3,"24":1,"25":2,"26":1,"27":1,"28":2,"29":2,"30":1,"31":1,"32":2,"33":1,"34":1,"35":1,"36":1,"37":1,"38":1,"39":1,"40":3,"41":3,"42":2,"43":2,"44":3,"45":3,"46":1,"47":1,"48":2},"f":{"0":20,"1":14,"2":4,"3":3,"4":1,"5":1,"6":5,"7":2,"8":1,"9":1,"10":3,"11":1},"b":{"0":[1,4],"1":[1,3],"2":[1,2],"3":[1,1],"4":[1,1],"5":[2,1]},"_coverageSchema":"1a1c01bbd47fc00a2c39e90264f33305004495a9","hash":"38544ee38ea629352a47fb84a0446e8c35e4fd6f"}
,"D:\\3eme session\\LOG2440\\TP\\tp5_2115145_2174321\\server\\services\\search_bar.service.js": {"path":"D:\\3eme session\\LOG2440\\TP\\tp5_2115145_2174321\\server\\services\\search_bar.service.js","statementMap":{"0":{"start":{"line":3,"column":4},"end":{"line":3,"column":37}},"1":{"start":{"line":4,"column":4},"end":{"line":4,"column":43}},"2":{"start":{"line":8,"column":18},"end":{"line":8,"column":73}},"3":{"start":{"line":9,"column":22},"end":{"line":9,"column":80}},"4":{"start":{"line":10,"column":4},"end":{"line":10,"column":32}},"5":{"start":{"line":14,"column":0},"end":{"line":14,"column":38}}},"fnMap":{"0":{"name":"(anonymous_0)","decl":{"start":{"line":2,"column":2},"end":{"line":2,"column":3}},"loc":{"start":{"line":2,"column":46},"end":{"line":5,"column":3}},"line":2},"1":{"name":"(anonymous_1)","decl":{"start":{"line":7,"column":2},"end":{"line":7,"column":3}},"loc":{"start":{"line":7,"column":41},"end":{"line":11,"column":3}},"line":7}},"branchMap":{},"s":{"0":2,"1":2,"2":2,"3":2,"4":2,"5":1},"f":{"0":2,"1":2},"b":{},"_coverageSchema":"1a1c01bbd47fc00a2c39e90264f33305004495a9","hash":"03cd6063f7cb4d0046f8e9587a2c1960012a22ea"}
,"D:\\3eme session\\LOG2440\\TP\\tp5_2115145_2174321\\server\\services\\songs.service.js": {"path":"D:\\3eme session\\LOG2440\\TP\\tp5_2115145_2174321\\server\\services\\songs.service.js","statementMap":{"0":{"start":{"line":1,"column":30},"end":{"line":1,"column":62}},"1":{"start":{"line":2,"column":22},"end":{"line":2,"column":51}},"2":{"start":{"line":3,"column":18},"end":{"line":3,"column":41}},"3":{"start":{"line":5,"column":13},"end":{"line":5,"column":28}},"4":{"start":{"line":9,"column":4},"end":{"line":9,"column":68}},"5":{"start":{"line":10,"column":4},"end":{"line":10,"column":53}},"6":{"start":{"line":11,"column":4},"end":{"line":11,"column":31}},"7":{"start":{"line":15,"column":4},"end":{"line":15,"column":71}},"8":{"start":{"line":25,"column":4},"end":{"line":25,"column":52}},"9":{"start":{"line":36,"column":4},"end":{"line":36,"column":49}},"10":{"start":{"line":47,"column":17},"end":{"line":47,"column":43}},"11":{"start":{"line":48,"column":4},"end":{"line":48,"column":20}},"12":{"start":{"line":49,"column":4},"end":{"line":49,"column":74}},"13":{"start":{"line":50,"column":4},"end":{"line":50,"column":22}},"14":{"start":{"line":64,"column":19},"end":{"line":65,"column":59}},"15":{"start":{"line":67,"column":4},"end":{"line":71,"column":5}},"16":{"start":{"line":68,"column":6},"end":{"line":68,"column":35}},"17":{"start":{"line":69,"column":6},"end":{"line":69,"column":37}},"18":{"start":{"line":70,"column":6},"end":{"line":70,"column":36}},"19":{"start":{"line":72,"column":18},"end":{"line":72,"column":70}},"20":{"start":{"line":73,"column":4},"end":{"line":73,"column":17}},"21":{"start":{"line":77,"column":18},"end":{"line":77,"column":89}},"22":{"start":{"line":78,"column":4},"end":{"line":78,"column":74}},"23":{"start":{"line":82,"column":0},"end":{"line":82,"column":33}}},"fnMap":{"0":{"name":"(anonymous_0)","decl":{"start":{"line":8,"column":2},"end":{"line":8,"column":3}},"loc":{"start":{"line":8,"column":17},"end":{"line":12,"column":3}},"line":8},"1":{"name":"(anonymous_1)","decl":{"start":{"line":14,"column":2},"end":{"line":14,"column":3}},"loc":{"start":{"line":14,"column":20},"end":{"line":16,"column":3}},"line":14},"2":{"name":"(anonymous_2)","decl":{"start":{"line":24,"column":2},"end":{"line":24,"column":3}},"loc":{"start":{"line":24,"column":23},"end":{"line":26,"column":3}},"line":24},"3":{"name":"(anonymous_3)","decl":{"start":{"line":35,"column":2},"end":{"line":35,"column":3}},"loc":{"start":{"line":35,"column":25},"end":{"line":37,"column":3}},"line":35},"4":{"name":"(anonymous_4)","decl":{"start":{"line":46,"column":2},"end":{"line":46,"column":3}},"loc":{"start":{"line":46,"column":28},"end":{"line":51,"column":3}},"line":46},"5":{"name":"(anonymous_5)","decl":{"start":{"line":63,"column":2},"end":{"line":63,"column":3}},"loc":{"start":{"line":63,"column":34},"end":{"line":74,"column":3}},"line":63},"6":{"name":"(anonymous_6)","decl":{"start":{"line":76,"column":2},"end":{"line":76,"column":3}},"loc":{"start":{"line":76,"column":22},"end":{"line":79,"column":3}},"line":76}},"branchMap":{"0":{"loc":{"start":{"line":67,"column":4},"end":{"line":71,"column":5}},"type":"if","locations":[{"start":{"line":67,"column":4},"end":{"line":71,"column":5}},{"start":{},"end":{}}],"line":67}},"s":{"0":2,"1":2,"2":2,"3":2,"4":10,"5":10,"6":10,"7":14,"8":1,"9":7,"10":3,"11":3,"12":3,"13":3,"14":3,"15":3,"16":2,"17":2,"18":2,"19":3,"20":3,"21":1,"22":1,"23":2},"f":{"0":10,"1":14,"2":1,"3":7,"4":3,"5":3,"6":1},"b":{"0":[2,1]},"_coverageSchema":"1a1c01bbd47fc00a2c39e90264f33305004495a9","hash":"3d45ea23e3992f116824911997c1da03cbe0d9e6"}
}
