TN:
SF:services\database.service.js
FN:10,(anonymous_0)
FN:18,(anonymous_1)
FNF:2
FNH:2
FNDA:2,(anonymous_0)
FNDA:30,(anonymous_1)
DA:1,4
DA:2,4
DA:11,2
DA:12,2
DA:13,1
DA:19,30
DA:20,30
DA:24,29
DA:25,29
DA:27,29
DA:30,1
DA:35,4
DA:37,4
LF:13
LH:13
BRDA:12,0,0,1
BRDA:12,0,1,1
BRF:2
BRH:2
end_of_record
TN:
SF:services\file_system_manager.js
FN:9,(anonymous_0)
FNF:1
FNH:1
FNDA:2,(anonymous_0)
DA:1,3
DA:10,2
DA:14,3
LF:3
LH:3
BRF:0
BRH:0
end_of_record
TN:
SF:services\playlist.service.js
FN:9,(anonymous_0)
FN:15,(anonymous_1)
FN:24,(anonymous_2)
FN:34,(anonymous_3)
FN:44,(anonymous_4)
FN:56,(anonymous_5)
FN:67,(anonymous_6)
FN:85,(anonymous_7)
FN:99,(anonymous_8)
FN:107,(anonymous_9)
FN:126,(anonymous_10)
FN:136,(anonymous_11)
FNF:12
FNH:12
FNDA:20,(anonymous_0)
FNDA:14,(anonymous_1)
FNDA:4,(anonymous_2)
FNDA:3,(anonymous_3)
FNDA:1,(anonymous_4)
FNDA:1,(anonymous_5)
FNDA:5,(anonymous_6)
FNDA:2,(anonymous_7)
FNDA:1,(anonymous_8)
FNDA:1,(anonymous_9)
FNDA:3,(anonymous_10)
FNDA:1,(anonymous_11)
DA:1,2
DA:2,2
DA:3,2
DA:4,2
DA:5,2
DA:6,2
DA:10,20
DA:11,20
DA:12,20
DA:16,14
DA:25,4
DA:35,3
DA:45,1
DA:46,1
DA:47,1
DA:48,1
DA:57,1
DA:58,1
DA:59,1
DA:68,5
DA:69,1
DA:70,4
DA:71,1
DA:72,3
DA:73,1
DA:74,2
DA:75,1
DA:77,1
DA:86,2
DA:87,2
DA:88,1
DA:89,1
DA:91,2
DA:100,1
DA:108,1
DA:109,1
DA:110,1
DA:111,1
DA:112,1
DA:113,1
DA:127,3
DA:128,3
DA:129,2
DA:130,2
DA:132,3
DA:133,3
DA:137,1
DA:138,1
DA:141,2
LF:49
LH:49
BRDA:68,0,0,1
BRDA:68,0,1,4
BRDA:70,1,0,1
BRDA:70,1,1,3
BRDA:72,2,0,1
BRDA:72,2,1,2
BRDA:74,3,0,1
BRDA:74,3,1,1
BRDA:87,4,0,1
BRDA:87,4,1,1
BRDA:128,5,0,2
BRDA:128,5,1,1
BRF:12
BRH:12
end_of_record
TN:
SF:services\search_bar.service.js
FN:2,(anonymous_0)
FN:7,(anonymous_1)
FNF:2
FNH:2
FNDA:2,(anonymous_0)
FNDA:2,(anonymous_1)
DA:3,2
DA:4,2
DA:8,2
DA:9,2
DA:10,2
DA:14,1
LF:6
LH:6
BRF:0
BRH:0
end_of_record
TN:
SF:services\songs.service.js
FN:8,(anonymous_0)
FN:14,(anonymous_1)
FN:24,(anonymous_2)
FN:35,(anonymous_3)
FN:46,(anonymous_4)
FN:63,(anonymous_5)
FN:76,(anonymous_6)
FNF:7
FNH:7
FNDA:10,(anonymous_0)
FNDA:14,(anonymous_1)
FNDA:1,(anonymous_2)
FNDA:7,(anonymous_3)
FNDA:3,(anonymous_4)
FNDA:3,(anonymous_5)
FNDA:1,(anonymous_6)
DA:1,2
DA:2,2
DA:3,2
DA:5,2
DA:9,10
DA:10,10
DA:11,10
DA:15,14
DA:25,1
DA:36,7
DA:47,3
DA:48,3
DA:49,3
DA:50,3
DA:64,3
DA:67,3
DA:68,2
DA:69,2
DA:70,2
DA:72,3
DA:73,3
DA:77,1
DA:78,1
DA:82,2
LF:24
LH:24
BRDA:67,0,0,2
BRDA:67,0,1,1
BRF:2
BRH:2
end_of_record
